[32mCreating model: ('PP-LCNet_x1_0_doc_ori', None, None)[0m
[32mModel files already exist. Using cached files. To redownload, please delete the directory manually: `C:\Users\Pitoyoung\.paddlex\official_models\PP-LCNet_x1_0_doc_ori`.[0m
INFO: Could not find files for the given pattern(s).
X:\Users\Pitoyoung\anaconda3\envs\tamper_shield\lib\site-packages\paddle\utils\cpp_extension\extension_utils.py:718: UserWarning: No ccache found. Please be aware that recompiling all source files may be required. You can download and install ccache from: https://github.com/ccache/ccache/blob/master/doc/INSTALL.md
  warnings.warn(warning_message)
[31mFailed to create the pipeline[0m
Traceback (most recent call last):
  File "X:\Users\Pitoyoung\anaconda3\envs\tamper_shield\lib\site-packages\paddlex\paddlex_cli.py", line 511, in serve
    pipeline = create_pipeline(
  File "X:\Users\Pitoyoung\anaconda3\envs\tamper_shield\lib\site-packages\paddlex\inference\pipelines\__init__.py", line 169, in create_pipeline
    pipeline = BasePipeline.get(pipeline_name)(
  File "X:\Users\Pitoyoung\anaconda3\envs\tamper_shield\lib\site-packages\paddlex\utils\deps.py", line 208, in _wrapper
    return old_init_func(self, *args, **kwargs)
  File "X:\Users\Pitoyoung\anaconda3\envs\tamper_shield\lib\site-packages\paddlex\inference\pipelines\_parallel.py", line 135, in __init__
    self._pipeline = self._create_internal_pipeline(config, self.device)
  File "X:\Users\Pitoyoung\anaconda3\envs\tamper_shield\lib\site-packages\paddlex\inference\pipelines\_parallel.py", line 190, in _create_internal_pipeline
    pipeline = self._pipeline_cls(
  File "X:\Users\Pitoyoung\anaconda3\envs\tamper_shield\lib\site-packages\paddlex\inference\pipelines\table_recognition\pipeline_v2.py", line 96, in __init__
    self.doc_preprocessor_pipeline = self.create_pipeline(
  File "X:\Users\Pitoyoung\anaconda3\envs\tamper_shield\lib\site-packages\paddlex\inference\pipelines\base.py", line 181, in create_pipeline
    return create_pipeline(
  File "X:\Users\Pitoyoung\anaconda3\envs\tamper_shield\lib\site-packages\paddlex\inference\pipelines\__init__.py", line 169, in create_pipeline
    pipeline = BasePipeline.get(pipeline_name)(
  File "X:\Users\Pitoyoung\anaconda3\envs\tamper_shield\lib\site-packages\paddlex\utils\deps.py", line 208, in _wrapper
    return old_init_func(self, *args, **kwargs)
  File "X:\Users\Pitoyoung\anaconda3\envs\tamper_shield\lib\site-packages\paddlex\inference\pipelines\_parallel.py", line 135, in __init__
    self._pipeline = self._create_internal_pipeline(config, self.device)
  File "X:\Users\Pitoyoung\anaconda3\envs\tamper_shield\lib\site-packages\paddlex\inference\pipelines\_parallel.py", line 190, in _create_internal_pipeline
    pipeline = self._pipeline_cls(
  File "X:\Users\Pitoyoung\anaconda3\envs\tamper_shield\lib\site-packages\paddlex\inference\pipelines\doc_preprocessor\pipeline.py", line 78, in __init__
    self.doc_ori_classify_model = self.create_model(doc_ori_classify_config)
  File "X:\Users\Pitoyoung\anaconda3\envs\tamper_shield\lib\site-packages\paddlex\inference\pipelines\base.py", line 143, in create_model
    return create_predictor(
  File "X:\Users\Pitoyoung\anaconda3\envs\tamper_shield\lib\site-packages\paddlex\inference\models\__init__.py", line 470, in create_predictor
    create_kwargs = _build_predictor_kwargs(
  File "X:\Users\Pitoyoung\anaconda3\envs\tamper_shield\lib\site-packages\paddlex\inference\models\__init__.py", line 339, in _build_predictor_kwargs
    runner = _build_predictor_runner(
  File "X:\Users\Pitoyoung\anaconda3\envs\tamper_shield\lib\site-packages\paddlex\inference\models\__init__.py", line 312, in _build_predictor_runner
    return inference_engine.build_runner(
  File "X:\Users\Pitoyoung\anaconda3\envs\tamper_shield\lib\site-packages\paddlex\inference\models\engines\_base.py", line 190, in build_runner
    runner = runner_builder(
  File "X:\Users\Pitoyoung\anaconda3\envs\tamper_shield\lib\site-packages\paddlex\inference\models\engines\paddle.py", line 116, in runner_builder
    return PaddleStaticRunner(
  File "X:\Users\Pitoyoung\anaconda3\envs\tamper_shield\lib\site-packages\paddlex\utils\deps.py", line 158, in _wrapper
    return old_init_func(self, *args, **kwargs)
  File "X:\Users\Pitoyoung\anaconda3\envs\tamper_shield\lib\site-packages\paddlex\inference\models\runners\paddle_static\runner.py", line 285, in __init__
    self._config = resolve_paddle_static_engine_config(model_name, config)
  File "X:\Users\Pitoyoung\anaconda3\envs\tamper_shield\lib\site-packages\paddlex\inference\models\runners\paddle_static\runner.py", line 81, in resolve_paddle_static_engine_config
    pp.setdefault_by_model_name(model_name)
  File "X:\Users\Pitoyoung\anaconda3\envs\tamper_shield\lib\site-packages\paddlex\inference\models\runners\paddle_static\config\pp_option.py", line 94, in setdefault_by_model_name
    for k, v in self._get_default_config(model_name).items():
  File "X:\Users\Pitoyoung\anaconda3\envs\tamper_shield\lib\site-packages\paddlex\inference\models\runners\paddle_static\config\pp_option.py", line 129, in _get_default_config
    device_type, device_ids = parse_device(get_default_device())
  File "X:\Users\Pitoyoung\anaconda3\envs\tamper_shield\lib\site-packages\paddlex\utils\device.py", line 57, in get_default_device
    paddle = import_paddle()
  File "X:\Users\Pitoyoung\anaconda3\envs\tamper_shield\lib\site-packages\paddlex\utils\import_guard.py", line 23, in import_paddle
    return import_paddle_module("paddle")
  File "X:\Users\Pitoyoung\anaconda3\envs\tamper_shield\lib\site-packages\paddlex\utils\import_guard.py", line 34, in import_paddle_module
    return importlib.import_module(module_name)
  File "X:\Users\Pitoyoung\anaconda3\envs\tamper_shield\lib\importlib\__init__.py", line 126, in import_module
    return _bootstrap._gcd_import(name[level:], package, level)
  File "<frozen importlib._bootstrap>", line 1050, in _gcd_import
  File "<frozen importlib._bootstrap>", line 1027, in _find_and_load
  File "<frozen importlib._bootstrap>", line 1006, in _find_and_load_unlocked
  File "<frozen importlib._bootstrap>", line 688, in _load_unlocked
  File "<frozen importlib._bootstrap_external>", line 883, in exec_module
  File "<frozen importlib._bootstrap>", line 241, in _call_with_frames_removed
  File "X:\Users\Pitoyoung\anaconda3\envs\tamper_shield\lib\site-packages\paddle\__init__.py", line 165, in <module>
    import paddle.distributed.fleet
  File "X:\Users\Pitoyoung\anaconda3\envs\tamper_shield\lib\site-packages\paddle\distributed\__init__.py", line 21, in <module>
    from paddle.distributed.fleet.base.topology import (
  File "X:\Users\Pitoyoung\anaconda3\envs\tamper_shield\lib\site-packages\paddle\distributed\fleet\__init__.py", line 17, in <module>
    from .base.distributed_strategy import DistributedStrategy
  File "X:\Users\Pitoyoung\anaconda3\envs\tamper_shield\lib\site-packages\paddle\distributed\fleet\base\distributed_strategy.py", line 28, in <module>
    from paddle.distributed.fleet.utils.log_util import logger
  File "X:\Users\Pitoyoung\anaconda3\envs\tamper_shield\lib\site-packages\paddle\distributed\fleet\utils\__init__.py", line 20, in <module>
    from . import (  # noqa: F401
  File "X:\Users\Pitoyoung\anaconda3\envs\tamper_shield\lib\site-packages\paddle\distributed\fleet\utils\hybrid_parallel_util.py", line 20, in <module>
    from paddle.distributed.parallel import (
  File "X:\Users\Pitoyoung\anaconda3\envs\tamper_shield\lib\site-packages\paddle\distributed\parallel.py", line 33, in <module>
    from paddle.distributed.collective import (
  File "X:\Users\Pitoyoung\anaconda3\envs\tamper_shield\lib\site-packages\paddle\distributed\collective.py", line 32, in <module>
    from .fleet.layers.mpu.mp_ops import (  # noqa: F401
  File "X:\Users\Pitoyoung\anaconda3\envs\tamper_shield\lib\site-packages\paddle\distributed\fleet\layers\mpu\__init__.py", line 15, in <module>
    from .mp_layers import (  # noqa: F401
  File "X:\Users\Pitoyoung\anaconda3\envs\tamper_shield\lib\site-packages\paddle\distributed\fleet\layers\mpu\mp_layers.py", line 21, in <module>
    from paddle.nn import functional as F
  File "X:\Users\Pitoyoung\anaconda3\envs\tamper_shield\lib\site-packages\paddle\nn\__init__.py", line 16, in <module>
    from . import functional, init, initializer, quant, utils  # noqa: F401
  File "X:\Users\Pitoyoung\anaconda3\envs\tamper_shield\lib\site-packages\paddle\nn\functional\__init__.py", line 103, in <module>
    from .loss import (
  File "X:\Users\Pitoyoung\anaconda3\envs\tamper_shield\lib\site-packages\paddle\nn\functional\loss.py", line 22, in <module>
    from paddle.static.nn.control_flow import Assert
  File "X:\Users\Pitoyoung\anaconda3\envs\tamper_shield\lib\site-packages\paddle\static\__init__.py", line 43, in <module>
    from . import amp, nn  # noqa: F401
  File "X:\Users\Pitoyoung\anaconda3\envs\tamper_shield\lib\site-packages\paddle\static\amp\__init__.py", line 15, in <module>
    from . import (  # noqa: F401
  File "X:\Users\Pitoyoung\anaconda3\envs\tamper_shield\lib\site-packages\paddle\static\amp\bf16\__init__.py", line 15, in <module>
    from . import (  # noqa: F401
  File "X:\Users\Pitoyoung\anaconda3\envs\tamper_shield\lib\site-packages\paddle\static\amp\bf16\amp_lists.py", line 98, in <module>
    _, _, _sys_unsupported_bf16_list = core.op_supported_infos(
MemoryError: bad allocation

